22:10.38.559 [main] WARN  com.maxim.hibernate.HibernateRunner - User is in detached state: User(username=Piter@gmail.com, firstname=Piter, lastname=Bobson, birthDate=null, role=null, info=null), session is closed SessionImpl(1414953733<closed>)gs
22:10.38.564 [main] INFO  org.hibernate.orm.connections.pooling - HHH10001008: Cleaning up connection pool [jdbc:postgresql://localhost:5433/postgres]gs
10:50.24.486 [main] INFO  com.maxim.hibernate.HibernateRunner - user entity is in transient state, object: User(username=Piter@gmail.com, personalInfo=PersonalInfo(firstname=Poul, lastname=Lorenso, birthDate=Birthday[birthDate=1994-11-04]), role=null, info=null)gs
10:50.24.620 [main] INFO  org.hibernate.Version - HHH000412: Hibernate ORM core version 6.2.5.Finalgs
10:50.24.625 [main] INFO  org.hibernate.cfg.Environment - HHH000406: Using bytecode reflection optimizergs
10:50.25.287 [main] WARN  org.hibernate.orm.connections.pooling - HHH10001002: Using built-in connection pool (not intended for production use)gs
10:50.25.293 [main] INFO  org.hibernate.orm.connections.pooling - HHH10001005: Loaded JDBC driver class: org.postgresql.Drivergs
10:50.25.294 [main] INFO  org.hibernate.orm.connections.pooling - HHH10001012: Connecting with JDBC URL [jdbc:postgresql://localhost:5433/postgres]gs
10:50.25.295 [main] INFO  org.hibernate.orm.connections.pooling - HHH10001001: Connection properties: {password=****, user=postgres}gs
10:50.25.296 [main] INFO  org.hibernate.orm.connections.pooling - HHH10001003: Autocommit mode: falsegs
10:50.25.301 [main] INFO  org.hibernate.orm.connections.pooling - HHH10001115: Connection pool size: 20 (min=1)gs
10:50.25.691 [main] WARN  org.hibernate.orm.deprecation - HHH90000026: PostgreSQL10Dialect has been deprecated; use org.hibernate.dialect.PostgreSQLDialect insteadgs
10:50.26.337 [main] INFO  org.hibernate.bytecode.internal.BytecodeProviderInitiator - HHH000021: Bytecode provider name : bytebuddygs
10:50.27.432 [main] INFO  org.hibernate.engine.transaction.jta.platform.internal.JtaPlatformInitiator - HHH000490: Using JtaPlatform implementation: [org.hibernate.engine.transaction.jta.platform.internal.NoJtaPlatform]gs
10:50.27.661 [main] WARN  com.maxim.hibernate.HibernateRunner - User is in detached state: User(username=Piter@gmail.com, personalInfo=PersonalInfo(firstname=Poul, lastname=Lorenso, birthDate=Birthday[birthDate=1994-11-04]), role=null, info=null), session is closed SessionImpl(165255249<closed>)gs
10:50.27.664 [main] INFO  org.hibernate.orm.connections.pooling - HHH10001008: Cleaning up connection pool [jdbc:postgresql://localhost:5433/postgres]gs
10:50.45.088 [main] INFO  com.maxim.hibernate.HibernateRunner - user entity is in transient state, object: User(username=Poul@gmail.com, personalInfo=PersonalInfo(firstname=Poul, lastname=Lorenso, birthDate=Birthday[birthDate=1994-11-04]), role=null, info=null)gs
10:50.45.199 [main] INFO  org.hibernate.Version - HHH000412: Hibernate ORM core version 6.2.5.Finalgs
10:50.45.202 [main] INFO  org.hibernate.cfg.Environment - HHH000406: Using bytecode reflection optimizergs
10:50.45.788 [main] WARN  org.hibernate.orm.connections.pooling - HHH10001002: Using built-in connection pool (not intended for production use)gs
10:50.45.794 [main] INFO  org.hibernate.orm.connections.pooling - HHH10001005: Loaded JDBC driver class: org.postgresql.Drivergs
10:50.45.795 [main] INFO  org.hibernate.orm.connections.pooling - HHH10001012: Connecting with JDBC URL [jdbc:postgresql://localhost:5433/postgres]gs
10:50.45.795 [main] INFO  org.hibernate.orm.connections.pooling - HHH10001001: Connection properties: {password=****, user=postgres}gs
10:50.45.796 [main] INFO  org.hibernate.orm.connections.pooling - HHH10001003: Autocommit mode: falsegs
10:50.45.800 [main] INFO  org.hibernate.orm.connections.pooling - HHH10001115: Connection pool size: 20 (min=1)gs
10:50.46.122 [main] WARN  org.hibernate.orm.deprecation - HHH90000026: PostgreSQL10Dialect has been deprecated; use org.hibernate.dialect.PostgreSQLDialect insteadgs
10:50.46.672 [main] INFO  org.hibernate.bytecode.internal.BytecodeProviderInitiator - HHH000021: Bytecode provider name : bytebuddygs
10:50.47.658 [main] INFO  org.hibernate.engine.transaction.jta.platform.internal.JtaPlatformInitiator - HHH000490: Using JtaPlatform implementation: [org.hibernate.engine.transaction.jta.platform.internal.NoJtaPlatform]gs
10:50.47.873 [main] WARN  com.maxim.hibernate.HibernateRunner - User is in detached state: User(username=Poul@gmail.com, personalInfo=PersonalInfo(firstname=Poul, lastname=Lorenso, birthDate=Birthday[birthDate=1994-11-04]), role=null, info=null), session is closed SessionImpl(594043354<closed>)gs
10:50.47.875 [main] INFO  org.hibernate.orm.connections.pooling - HHH10001008: Cleaning up connection pool [jdbc:postgresql://localhost:5433/postgres]gs
11:46.59.342 [main] INFO  com.maxim.hibernate.HibernateRunner - user entity is in transient state, object: User(id=null, username=Poul@gmail.com, personalInfo=PersonalInfo(firstname=Poul, lastname=Lorenso, birthDate=Birthday[birthDate=1994-11-04]), role=null, info=null)gs
11:46.59.516 [main] INFO  org.hibernate.Version - HHH000412: Hibernate ORM core version 6.2.5.Finalgs
11:46.59.524 [main] INFO  org.hibernate.cfg.Environment - HHH000406: Using bytecode reflection optimizergs
11:47.00.259 [main] WARN  org.hibernate.orm.connections.pooling - HHH10001002: Using built-in connection pool (not intended for production use)gs
11:47.00.263 [main] INFO  org.hibernate.orm.connections.pooling - HHH10001005: Loaded JDBC driver class: org.postgresql.Drivergs
11:47.00.264 [main] INFO  org.hibernate.orm.connections.pooling - HHH10001012: Connecting with JDBC URL [jdbc:postgresql://localhost:5433/postgres]gs
11:47.00.264 [main] INFO  org.hibernate.orm.connections.pooling - HHH10001001: Connection properties: {password=****, user=postgres}gs
11:47.00.265 [main] INFO  org.hibernate.orm.connections.pooling - HHH10001003: Autocommit mode: falsegs
11:47.00.269 [main] INFO  org.hibernate.orm.connections.pooling - HHH10001115: Connection pool size: 20 (min=1)gs
11:47.00.580 [main] WARN  org.hibernate.orm.deprecation - HHH90000026: PostgreSQL10Dialect has been deprecated; use org.hibernate.dialect.PostgreSQLDialect insteadgs
11:47.01.271 [main] INFO  org.hibernate.bytecode.internal.BytecodeProviderInitiator - HHH000021: Bytecode provider name : bytebuddygs
11:47.02.313 [main] INFO  org.hibernate.engine.transaction.jta.platform.internal.JtaPlatformInitiator - HHH000490: Using JtaPlatform implementation: [org.hibernate.engine.transaction.jta.platform.internal.NoJtaPlatform]gs
11:47.02.501 [main] WARN  com.maxim.hibernate.HibernateRunner - User is in detached state: User(id=null, username=Poul@gmail.com, personalInfo=PersonalInfo(firstname=Poul, lastname=Lorenso, birthDate=Birthday[birthDate=1994-11-04]), role=null, info=null), session is closed SessionImpl(589699084<closed>)gs
11:47.02.504 [main] INFO  org.hibernate.orm.connections.pooling - HHH10001008: Cleaning up connection pool [jdbc:postgresql://localhost:5433/postgres]gs
11:54.40.064 [main] INFO  com.maxim.hibernate.HibernateRunner - user entity is in transient state, object: User(id=null, username=Poul@gmail.com, personalInfo=PersonalInfo(firstname=Poul, lastname=Lorenso, birthDate=Birthday[birthDate=1994-11-04]), role=null, info=null)gs
11:54.40.181 [main] INFO  org.hibernate.Version - HHH000412: Hibernate ORM core version 6.2.5.Finalgs
11:54.40.185 [main] INFO  org.hibernate.cfg.Environment - HHH000406: Using bytecode reflection optimizergs
11:54.40.869 [main] WARN  org.hibernate.orm.connections.pooling - HHH10001002: Using built-in connection pool (not intended for production use)gs
11:54.40.878 [main] INFO  org.hibernate.orm.connections.pooling - HHH10001005: Loaded JDBC driver class: org.postgresql.Drivergs
11:54.40.878 [main] INFO  org.hibernate.orm.connections.pooling - HHH10001012: Connecting with JDBC URL [jdbc:postgresql://localhost:5433/postgres]gs
11:54.40.879 [main] INFO  org.hibernate.orm.connections.pooling - HHH10001001: Connection properties: {password=****, user=postgres}gs
11:54.40.880 [main] INFO  org.hibernate.orm.connections.pooling - HHH10001003: Autocommit mode: falsegs
11:54.40.884 [main] INFO  org.hibernate.orm.connections.pooling - HHH10001115: Connection pool size: 20 (min=1)gs
11:54.41.222 [main] WARN  org.hibernate.orm.deprecation - HHH90000026: PostgreSQL10Dialect has been deprecated; use org.hibernate.dialect.PostgreSQLDialect insteadgs
11:54.41.974 [main] INFO  org.hibernate.bytecode.internal.BytecodeProviderInitiator - HHH000021: Bytecode provider name : bytebuddygs
11:54.43.145 [main] INFO  org.hibernate.engine.transaction.jta.platform.internal.JtaPlatformInitiator - HHH000490: Using JtaPlatform implementation: [org.hibernate.engine.transaction.jta.platform.internal.NoJtaPlatform]gs
11:54.43.269 [main] WARN  org.hibernate.engine.jdbc.spi.SqlExceptionHelper - SQL Error: 0, SQLState: 42P01gs
11:54.43.269 [main] ERROR org.hibernate.engine.jdbc.spi.SqlExceptionHelper - ERROR: relation "user_gen" does not exist
  Позиция: 16gs
11:54.43.283 [main] INFO  org.hibernate.orm.connections.pooling - HHH10001008: Cleaning up connection pool [jdbc:postgresql://localhost:5433/postgres]gs
11:54.43.287 [main] ERROR com.maxim.hibernate.HibernateRunner - Exception occurredgs
org.hibernate.exception.SQLGrammarException: could not extract ResultSet [ERROR: relation "user_gen" does not exist
  Позиция: 16] [n/a]
	at org.hibernate.exception.internal.SQLStateConversionDelegate.convert(SQLStateConversionDelegate.java:89) ~[hibernate-core-6.2.5.Final.jar:6.2.5.Final]
	at org.hibernate.exception.internal.StandardSQLExceptionConverter.convert(StandardSQLExceptionConverter.java:56) ~[hibernate-core-6.2.5.Final.jar:6.2.5.Final]
	at org.hibernate.engine.jdbc.spi.SqlExceptionHelper.convert(SqlExceptionHelper.java:108) ~[hibernate-core-6.2.5.Final.jar:6.2.5.Final]
	at org.hibernate.engine.jdbc.spi.SqlExceptionHelper.convert(SqlExceptionHelper.java:94) ~[hibernate-core-6.2.5.Final.jar:6.2.5.Final]
	at org.hibernate.engine.jdbc.internal.ResultSetReturnImpl.extract(ResultSetReturnImpl.java:67) ~[hibernate-core-6.2.5.Final.jar:6.2.5.Final]
	at org.hibernate.id.enhanced.SequenceStructure$1.getNextValue(SequenceStructure.java:102) ~[hibernate-core-6.2.5.Final.jar:6.2.5.Final]
	at org.hibernate.id.enhanced.PooledOptimizer.generate(PooledOptimizer.java:72) ~[hibernate-core-6.2.5.Final.jar:6.2.5.Final]
	at org.hibernate.id.enhanced.SequenceStyleGenerator.generate(SequenceStyleGenerator.java:542) ~[hibernate-core-6.2.5.Final.jar:6.2.5.Final]
	at org.hibernate.id.IdentifierGenerator.generate(IdentifierGenerator.java:147) ~[hibernate-core-6.2.5.Final.jar:6.2.5.Final]
	at org.hibernate.event.internal.AbstractSaveEventListener.saveWithGeneratedId(AbstractSaveEventListener.java:120) ~[hibernate-core-6.2.5.Final.jar:6.2.5.Final]
	at org.hibernate.event.internal.DefaultMergeEventListener.saveTransientEntity(DefaultMergeEventListener.java:313) ~[hibernate-core-6.2.5.Final.jar:6.2.5.Final]
	at org.hibernate.event.internal.DefaultMergeEventListener.entityIsTransient(DefaultMergeEventListener.java:235) ~[hibernate-core-6.2.5.Final.jar:6.2.5.Final]
	at org.hibernate.event.internal.DefaultMergeEventListener.merge(DefaultMergeEventListener.java:152) ~[hibernate-core-6.2.5.Final.jar:6.2.5.Final]
	at org.hibernate.event.internal.DefaultMergeEventListener.doMerge(DefaultMergeEventListener.java:142) ~[hibernate-core-6.2.5.Final.jar:6.2.5.Final]
	at org.hibernate.event.internal.DefaultMergeEventListener.onMerge(DefaultMergeEventListener.java:126) ~[hibernate-core-6.2.5.Final.jar:6.2.5.Final]
	at org.hibernate.event.internal.DefaultMergeEventListener.onMerge(DefaultMergeEventListener.java:80) ~[hibernate-core-6.2.5.Final.jar:6.2.5.Final]
	at org.hibernate.event.service.internal.EventListenerGroupImpl.fireEventOnEachListener(EventListenerGroupImpl.java:127) ~[hibernate-core-6.2.5.Final.jar:6.2.5.Final]
	at org.hibernate.internal.SessionImpl.fireMerge(SessionImpl.java:848) ~[hibernate-core-6.2.5.Final.jar:6.2.5.Final]
	at org.hibernate.internal.SessionImpl.merge(SessionImpl.java:834) ~[hibernate-core-6.2.5.Final.jar:6.2.5.Final]
	at com.maxim.hibernate.HibernateRunner.main(HibernateRunner.java:40) [main/:?]
Caused by: org.postgresql.util.PSQLException: ERROR: relation "user_gen" does not exist
  Позиция: 16
	at org.postgresql.core.v3.QueryExecutorImpl.receiveErrorResponse(QueryExecutorImpl.java:2713) ~[postgresql-42.6.0.jar:42.6.0]
	at org.postgresql.core.v3.QueryExecutorImpl.processResults(QueryExecutorImpl.java:2401) ~[postgresql-42.6.0.jar:42.6.0]
	at org.postgresql.core.v3.QueryExecutorImpl.execute(QueryExecutorImpl.java:368) ~[postgresql-42.6.0.jar:42.6.0]
	at org.postgresql.jdbc.PgStatement.executeInternal(PgStatement.java:498) ~[postgresql-42.6.0.jar:42.6.0]
	at org.postgresql.jdbc.PgStatement.execute(PgStatement.java:415) ~[postgresql-42.6.0.jar:42.6.0]
	at org.postgresql.jdbc.PgPreparedStatement.executeWithFlags(PgPreparedStatement.java:190) ~[postgresql-42.6.0.jar:42.6.0]
	at org.postgresql.jdbc.PgPreparedStatement.executeQuery(PgPreparedStatement.java:134) ~[postgresql-42.6.0.jar:42.6.0]
	at org.hibernate.engine.jdbc.internal.ResultSetReturnImpl.extract(ResultSetReturnImpl.java:57) ~[hibernate-core-6.2.5.Final.jar:6.2.5.Final]
	... 15 more
