11:58.17.495 [main] WARN  com.maxim.hibernate.HibernateRunner - User is in detached state: User(id=null, username=Misha@gmail.com, personalInfo=PersonalInfo(firstname=Mick, lastname=Popoko, birthDate=Birthday[birthDate=1994-11-04]), role=null, info=null), session is closed SessionImpl(1277867318<closed>)gs
11:58.17.503 [main] INFO  org.hibernate.orm.connections.pooling - HHH10001008: Cleaning up connection pool [jdbc:postgresql://localhost:5433/postgres]gs
12:09.41.468 [main] INFO  com.maxim.hibernate.HibernateRunner - user entity is in transient state, object: User(id=null, username=Misha@gmail.com, personalInfo=PersonalInfo(firstname=Mick, lastname=Popoko, birthDate=Birthday[birthDate=1994-11-04]), role=null, info=null)gs
12:09.41.595 [main] INFO  org.hibernate.Version - HHH000412: Hibernate ORM core version 6.2.5.Finalgs
12:09.41.599 [main] INFO  org.hibernate.cfg.Environment - HHH000406: Using bytecode reflection optimizergs
12:09.42.195 [main] WARN  org.hibernate.orm.connections.pooling - HHH10001002: Using built-in connection pool (not intended for production use)gs
12:09.42.201 [main] INFO  org.hibernate.orm.connections.pooling - HHH10001005: Loaded JDBC driver class: org.postgresql.Drivergs
12:09.42.202 [main] INFO  org.hibernate.orm.connections.pooling - HHH10001012: Connecting with JDBC URL [jdbc:postgresql://localhost:5433/postgres]gs
12:09.42.203 [main] INFO  org.hibernate.orm.connections.pooling - HHH10001001: Connection properties: {password=****, user=postgres}gs
12:09.42.203 [main] INFO  org.hibernate.orm.connections.pooling - HHH10001003: Autocommit mode: falsegs
12:09.42.207 [main] INFO  org.hibernate.orm.connections.pooling - HHH10001115: Connection pool size: 20 (min=1)gs
12:09.42.521 [main] WARN  org.hibernate.orm.deprecation - HHH90000026: PostgreSQL10Dialect has been deprecated; use org.hibernate.dialect.PostgreSQLDialect insteadgs
12:09.43.166 [main] INFO  org.hibernate.id.enhanced.TableGenerator - HHH000398: Explicit segment value for id generator [user_gen.sequence_name] suggested; using default [users]gs
12:09.43.201 [main] INFO  org.hibernate.bytecode.internal.BytecodeProviderInitiator - HHH000021: Bytecode provider name : bytebuddygs
12:09.44.192 [main] INFO  org.hibernate.engine.transaction.jta.platform.internal.JtaPlatformInitiator - HHH000490: Using JtaPlatform implementation: [org.hibernate.engine.transaction.jta.platform.internal.NoJtaPlatform]gs
12:09.44.337 [main] ERROR org.hibernate.id.enhanced.TableGenerator - HHH000351: Could not read or init a hi valuegs
org.postgresql.util.PSQLException: ERROR: relation "user_gen" does not exist
  Позиция: 26
	at org.postgresql.core.v3.QueryExecutorImpl.receiveErrorResponse(QueryExecutorImpl.java:2713) ~[postgresql-42.6.0.jar:42.6.0]
	at org.postgresql.core.v3.QueryExecutorImpl.processResults(QueryExecutorImpl.java:2401) ~[postgresql-42.6.0.jar:42.6.0]
	at org.postgresql.core.v3.QueryExecutorImpl.execute(QueryExecutorImpl.java:368) ~[postgresql-42.6.0.jar:42.6.0]
	at org.postgresql.jdbc.PgStatement.executeInternal(PgStatement.java:498) ~[postgresql-42.6.0.jar:42.6.0]
	at org.postgresql.jdbc.PgStatement.execute(PgStatement.java:415) ~[postgresql-42.6.0.jar:42.6.0]
	at org.postgresql.jdbc.PgPreparedStatement.executeWithFlags(PgPreparedStatement.java:190) ~[postgresql-42.6.0.jar:42.6.0]
	at org.postgresql.jdbc.PgPreparedStatement.executeQuery(PgPreparedStatement.java:134) ~[postgresql-42.6.0.jar:42.6.0]
	at org.hibernate.id.enhanced.TableGenerator.executeQuery(TableGenerator.java:691) ~[hibernate-core-6.2.5.Final.jar:6.2.5.Final]
	at org.hibernate.id.enhanced.TableGenerator.nextValue(TableGenerator.java:597) ~[hibernate-core-6.2.5.Final.jar:6.2.5.Final]
	at org.hibernate.id.enhanced.TableGenerator$1$1.execute(TableGenerator.java:571) ~[hibernate-core-6.2.5.Final.jar:6.2.5.Final]
	at org.hibernate.id.enhanced.TableGenerator$1$1.execute(TableGenerator.java:568) ~[hibernate-core-6.2.5.Final.jar:6.2.5.Final]
	at org.hibernate.jdbc.WorkExecutor.executeReturningWork(WorkExecutor.java:56) ~[hibernate-core-6.2.5.Final.jar:6.2.5.Final]
	at org.hibernate.jdbc.AbstractReturningWork.accept(AbstractReturningWork.java:34) ~[hibernate-core-6.2.5.Final.jar:6.2.5.Final]
	at org.hibernate.resource.transaction.backend.jdbc.internal.JdbcIsolationDelegate.delegateWork(JdbcIsolationDelegate.java:70) ~[hibernate-core-6.2.5.Final.jar:6.2.5.Final]
	at org.hibernate.id.enhanced.TableGenerator$1.getNextValue(TableGenerator.java:567) ~[hibernate-core-6.2.5.Final.jar:6.2.5.Final]
	at org.hibernate.id.enhanced.PooledOptimizer.generate(PooledOptimizer.java:72) ~[hibernate-core-6.2.5.Final.jar:6.2.5.Final]
	at org.hibernate.id.enhanced.TableGenerator.generate(TableGenerator.java:563) ~[hibernate-core-6.2.5.Final.jar:6.2.5.Final]
	at org.hibernate.id.IdentifierGenerator.generate(IdentifierGenerator.java:147) ~[hibernate-core-6.2.5.Final.jar:6.2.5.Final]
	at org.hibernate.event.internal.AbstractSaveEventListener.saveWithGeneratedId(AbstractSaveEventListener.java:120) ~[hibernate-core-6.2.5.Final.jar:6.2.5.Final]
	at org.hibernate.event.internal.DefaultMergeEventListener.saveTransientEntity(DefaultMergeEventListener.java:313) ~[hibernate-core-6.2.5.Final.jar:6.2.5.Final]
	at org.hibernate.event.internal.DefaultMergeEventListener.entityIsTransient(DefaultMergeEventListener.java:235) ~[hibernate-core-6.2.5.Final.jar:6.2.5.Final]
	at org.hibernate.event.internal.DefaultMergeEventListener.merge(DefaultMergeEventListener.java:152) ~[hibernate-core-6.2.5.Final.jar:6.2.5.Final]
	at org.hibernate.event.internal.DefaultMergeEventListener.doMerge(DefaultMergeEventListener.java:142) ~[hibernate-core-6.2.5.Final.jar:6.2.5.Final]
	at org.hibernate.event.internal.DefaultMergeEventListener.onMerge(DefaultMergeEventListener.java:126) ~[hibernate-core-6.2.5.Final.jar:6.2.5.Final]
	at org.hibernate.event.internal.DefaultMergeEventListener.onMerge(DefaultMergeEventListener.java:80) ~[hibernate-core-6.2.5.Final.jar:6.2.5.Final]
	at org.hibernate.event.service.internal.EventListenerGroupImpl.fireEventOnEachListener(EventListenerGroupImpl.java:127) [hibernate-core-6.2.5.Final.jar:6.2.5.Final]
	at org.hibernate.internal.SessionImpl.fireMerge(SessionImpl.java:848) [hibernate-core-6.2.5.Final.jar:6.2.5.Final]
	at org.hibernate.internal.SessionImpl.merge(SessionImpl.java:834) [hibernate-core-6.2.5.Final.jar:6.2.5.Final]
	at com.maxim.hibernate.HibernateRunner.main(HibernateRunner.java:40) [main/:?]
12:09.44.357 [main] WARN  org.hibernate.engine.jdbc.spi.SqlExceptionHelper - SQL Error: 0, SQLState: 42P01gs
12:09.44.358 [main] ERROR org.hibernate.engine.jdbc.spi.SqlExceptionHelper - ERROR: relation "user_gen" does not exist
  Позиция: 26gs
12:09.44.373 [main] INFO  org.hibernate.orm.connections.pooling - HHH10001008: Cleaning up connection pool [jdbc:postgresql://localhost:5433/postgres]gs
12:09.44.382 [main] ERROR com.maxim.hibernate.HibernateRunner - Exception occurredgs
org.hibernate.exception.SQLGrammarException: error performing isolated work [ERROR: relation "user_gen" does not exist
  Позиция: 26] [n/a]
	at org.hibernate.exception.internal.SQLStateConversionDelegate.convert(SQLStateConversionDelegate.java:89) ~[hibernate-core-6.2.5.Final.jar:6.2.5.Final]
	at org.hibernate.exception.internal.StandardSQLExceptionConverter.convert(StandardSQLExceptionConverter.java:56) ~[hibernate-core-6.2.5.Final.jar:6.2.5.Final]
	at org.hibernate.engine.jdbc.spi.SqlExceptionHelper.convert(SqlExceptionHelper.java:108) ~[hibernate-core-6.2.5.Final.jar:6.2.5.Final]
	at org.hibernate.engine.jdbc.spi.SqlExceptionHelper.convert(SqlExceptionHelper.java:94) ~[hibernate-core-6.2.5.Final.jar:6.2.5.Final]
	at org.hibernate.resource.transaction.backend.jdbc.internal.JdbcIsolationDelegate.delegateWork(JdbcIsolationDelegate.java:92) ~[hibernate-core-6.2.5.Final.jar:6.2.5.Final]
	at org.hibernate.id.enhanced.TableGenerator$1.getNextValue(TableGenerator.java:567) ~[hibernate-core-6.2.5.Final.jar:6.2.5.Final]
	at org.hibernate.id.enhanced.PooledOptimizer.generate(PooledOptimizer.java:72) ~[hibernate-core-6.2.5.Final.jar:6.2.5.Final]
	at org.hibernate.id.enhanced.TableGenerator.generate(TableGenerator.java:563) ~[hibernate-core-6.2.5.Final.jar:6.2.5.Final]
	at org.hibernate.id.IdentifierGenerator.generate(IdentifierGenerator.java:147) ~[hibernate-core-6.2.5.Final.jar:6.2.5.Final]
	at org.hibernate.event.internal.AbstractSaveEventListener.saveWithGeneratedId(AbstractSaveEventListener.java:120) ~[hibernate-core-6.2.5.Final.jar:6.2.5.Final]
	at org.hibernate.event.internal.DefaultMergeEventListener.saveTransientEntity(DefaultMergeEventListener.java:313) ~[hibernate-core-6.2.5.Final.jar:6.2.5.Final]
	at org.hibernate.event.internal.DefaultMergeEventListener.entityIsTransient(DefaultMergeEventListener.java:235) ~[hibernate-core-6.2.5.Final.jar:6.2.5.Final]
	at org.hibernate.event.internal.DefaultMergeEventListener.merge(DefaultMergeEventListener.java:152) ~[hibernate-core-6.2.5.Final.jar:6.2.5.Final]
	at org.hibernate.event.internal.DefaultMergeEventListener.doMerge(DefaultMergeEventListener.java:142) ~[hibernate-core-6.2.5.Final.jar:6.2.5.Final]
	at org.hibernate.event.internal.DefaultMergeEventListener.onMerge(DefaultMergeEventListener.java:126) ~[hibernate-core-6.2.5.Final.jar:6.2.5.Final]
	at org.hibernate.event.internal.DefaultMergeEventListener.onMerge(DefaultMergeEventListener.java:80) ~[hibernate-core-6.2.5.Final.jar:6.2.5.Final]
	at org.hibernate.event.service.internal.EventListenerGroupImpl.fireEventOnEachListener(EventListenerGroupImpl.java:127) ~[hibernate-core-6.2.5.Final.jar:6.2.5.Final]
	at org.hibernate.internal.SessionImpl.fireMerge(SessionImpl.java:848) ~[hibernate-core-6.2.5.Final.jar:6.2.5.Final]
	at org.hibernate.internal.SessionImpl.merge(SessionImpl.java:834) ~[hibernate-core-6.2.5.Final.jar:6.2.5.Final]
	at com.maxim.hibernate.HibernateRunner.main(HibernateRunner.java:40) [main/:?]
Caused by: org.postgresql.util.PSQLException: ERROR: relation "user_gen" does not exist
  Позиция: 26
	at org.postgresql.core.v3.QueryExecutorImpl.receiveErrorResponse(QueryExecutorImpl.java:2713) ~[postgresql-42.6.0.jar:42.6.0]
	at org.postgresql.core.v3.QueryExecutorImpl.processResults(QueryExecutorImpl.java:2401) ~[postgresql-42.6.0.jar:42.6.0]
	at org.postgresql.core.v3.QueryExecutorImpl.execute(QueryExecutorImpl.java:368) ~[postgresql-42.6.0.jar:42.6.0]
	at org.postgresql.jdbc.PgStatement.executeInternal(PgStatement.java:498) ~[postgresql-42.6.0.jar:42.6.0]
	at org.postgresql.jdbc.PgStatement.execute(PgStatement.java:415) ~[postgresql-42.6.0.jar:42.6.0]
	at org.postgresql.jdbc.PgPreparedStatement.executeWithFlags(PgPreparedStatement.java:190) ~[postgresql-42.6.0.jar:42.6.0]
	at org.postgresql.jdbc.PgPreparedStatement.executeQuery(PgPreparedStatement.java:134) ~[postgresql-42.6.0.jar:42.6.0]
	at org.hibernate.id.enhanced.TableGenerator.executeQuery(TableGenerator.java:691) ~[hibernate-core-6.2.5.Final.jar:6.2.5.Final]
	at org.hibernate.id.enhanced.TableGenerator.nextValue(TableGenerator.java:597) ~[hibernate-core-6.2.5.Final.jar:6.2.5.Final]
	at org.hibernate.id.enhanced.TableGenerator$1$1.execute(TableGenerator.java:571) ~[hibernate-core-6.2.5.Final.jar:6.2.5.Final]
	at org.hibernate.id.enhanced.TableGenerator$1$1.execute(TableGenerator.java:568) ~[hibernate-core-6.2.5.Final.jar:6.2.5.Final]
	at org.hibernate.jdbc.WorkExecutor.executeReturningWork(WorkExecutor.java:56) ~[hibernate-core-6.2.5.Final.jar:6.2.5.Final]
	at org.hibernate.jdbc.AbstractReturningWork.accept(AbstractReturningWork.java:34) ~[hibernate-core-6.2.5.Final.jar:6.2.5.Final]
	at org.hibernate.resource.transaction.backend.jdbc.internal.JdbcIsolationDelegate.delegateWork(JdbcIsolationDelegate.java:70) ~[hibernate-core-6.2.5.Final.jar:6.2.5.Final]
	... 15 more
