11:55.12.621 [main] INFO  com.maxim.hibernate.HibernateRunner - user entity is in transient state, object: User(id=null, username=Poul@gmail.com, personalInfo=PersonalInfo(firstname=Poul, lastname=Lorenso, birthDate=Birthday[birthDate=1994-11-04]), role=null, info=null)gs
11:55.12.756 [main] INFO  org.hibernate.Version - HHH000412: Hibernate ORM core version 6.2.5.Finalgs
11:55.12.759 [main] INFO  org.hibernate.cfg.Environment - HHH000406: Using bytecode reflection optimizergs
11:55.13.418 [main] WARN  org.hibernate.orm.connections.pooling - HHH10001002: Using built-in connection pool (not intended for production use)gs
11:55.13.423 [main] INFO  org.hibernate.orm.connections.pooling - HHH10001005: Loaded JDBC driver class: org.postgresql.Drivergs
11:55.13.430 [main] INFO  org.hibernate.orm.connections.pooling - HHH10001012: Connecting with JDBC URL [jdbc:postgresql://localhost:5433/postgres]gs
11:55.13.431 [main] INFO  org.hibernate.orm.connections.pooling - HHH10001001: Connection properties: {password=****, user=postgres}gs
11:55.13.431 [main] INFO  org.hibernate.orm.connections.pooling - HHH10001003: Autocommit mode: falsegs
11:55.13.435 [main] INFO  org.hibernate.orm.connections.pooling - HHH10001115: Connection pool size: 20 (min=1)gs
11:55.13.746 [main] WARN  org.hibernate.orm.deprecation - HHH90000026: PostgreSQL10Dialect has been deprecated; use org.hibernate.dialect.PostgreSQLDialect insteadgs
11:55.14.433 [main] INFO  org.hibernate.bytecode.internal.BytecodeProviderInitiator - HHH000021: Bytecode provider name : bytebuddygs
11:55.15.386 [main] INFO  org.hibernate.engine.transaction.jta.platform.internal.JtaPlatformInitiator - HHH000490: Using JtaPlatform implementation: [org.hibernate.engine.transaction.jta.platform.internal.NoJtaPlatform]gs
11:55.15.504 [main] WARN  org.hibernate.engine.jdbc.spi.SqlExceptionHelper - SQL Error: 0, SQLState: 42P01gs
11:55.15.505 [main] ERROR org.hibernate.engine.jdbc.spi.SqlExceptionHelper - ERROR: relation "user_id_seq" does not exist
  Позиция: 16gs
11:55.15.520 [main] INFO  org.hibernate.orm.connections.pooling - HHH10001008: Cleaning up connection pool [jdbc:postgresql://localhost:5433/postgres]gs
11:55.15.524 [main] ERROR com.maxim.hibernate.HibernateRunner - Exception occurredgs
org.hibernate.exception.SQLGrammarException: could not extract ResultSet [ERROR: relation "user_id_seq" does not exist
  Позиция: 16] [n/a]
	at org.hibernate.exception.internal.SQLStateConversionDelegate.convert(SQLStateConversionDelegate.java:89) ~[hibernate-core-6.2.5.Final.jar:6.2.5.Final]
	at org.hibernate.exception.internal.StandardSQLExceptionConverter.convert(StandardSQLExceptionConverter.java:56) ~[hibernate-core-6.2.5.Final.jar:6.2.5.Final]
	at org.hibernate.engine.jdbc.spi.SqlExceptionHelper.convert(SqlExceptionHelper.java:108) ~[hibernate-core-6.2.5.Final.jar:6.2.5.Final]
	at org.hibernate.engine.jdbc.spi.SqlExceptionHelper.convert(SqlExceptionHelper.java:94) ~[hibernate-core-6.2.5.Final.jar:6.2.5.Final]
	at org.hibernate.engine.jdbc.internal.ResultSetReturnImpl.extract(ResultSetReturnImpl.java:67) ~[hibernate-core-6.2.5.Final.jar:6.2.5.Final]
	at org.hibernate.id.enhanced.SequenceStructure$1.getNextValue(SequenceStructure.java:102) ~[hibernate-core-6.2.5.Final.jar:6.2.5.Final]
	at org.hibernate.id.enhanced.NoopOptimizer.generate(NoopOptimizer.java:40) ~[hibernate-core-6.2.5.Final.jar:6.2.5.Final]
	at org.hibernate.id.enhanced.SequenceStyleGenerator.generate(SequenceStyleGenerator.java:542) ~[hibernate-core-6.2.5.Final.jar:6.2.5.Final]
	at org.hibernate.id.IdentifierGenerator.generate(IdentifierGenerator.java:147) ~[hibernate-core-6.2.5.Final.jar:6.2.5.Final]
	at org.hibernate.event.internal.AbstractSaveEventListener.saveWithGeneratedId(AbstractSaveEventListener.java:120) ~[hibernate-core-6.2.5.Final.jar:6.2.5.Final]
	at org.hibernate.event.internal.DefaultMergeEventListener.saveTransientEntity(DefaultMergeEventListener.java:313) ~[hibernate-core-6.2.5.Final.jar:6.2.5.Final]
	at org.hibernate.event.internal.DefaultMergeEventListener.entityIsTransient(DefaultMergeEventListener.java:235) ~[hibernate-core-6.2.5.Final.jar:6.2.5.Final]
	at org.hibernate.event.internal.DefaultMergeEventListener.merge(DefaultMergeEventListener.java:152) ~[hibernate-core-6.2.5.Final.jar:6.2.5.Final]
	at org.hibernate.event.internal.DefaultMergeEventListener.doMerge(DefaultMergeEventListener.java:142) ~[hibernate-core-6.2.5.Final.jar:6.2.5.Final]
	at org.hibernate.event.internal.DefaultMergeEventListener.onMerge(DefaultMergeEventListener.java:126) ~[hibernate-core-6.2.5.Final.jar:6.2.5.Final]
	at org.hibernate.event.internal.DefaultMergeEventListener.onMerge(DefaultMergeEventListener.java:80) ~[hibernate-core-6.2.5.Final.jar:6.2.5.Final]
	at org.hibernate.event.service.internal.EventListenerGroupImpl.fireEventOnEachListener(EventListenerGroupImpl.java:127) ~[hibernate-core-6.2.5.Final.jar:6.2.5.Final]
	at org.hibernate.internal.SessionImpl.fireMerge(SessionImpl.java:848) ~[hibernate-core-6.2.5.Final.jar:6.2.5.Final]
	at org.hibernate.internal.SessionImpl.merge(SessionImpl.java:834) ~[hibernate-core-6.2.5.Final.jar:6.2.5.Final]
	at com.maxim.hibernate.HibernateRunner.main(HibernateRunner.java:40) [main/:?]
Caused by: org.postgresql.util.PSQLException: ERROR: relation "user_id_seq" does not exist
  Позиция: 16
	at org.postgresql.core.v3.QueryExecutorImpl.receiveErrorResponse(QueryExecutorImpl.java:2713) ~[postgresql-42.6.0.jar:42.6.0]
	at org.postgresql.core.v3.QueryExecutorImpl.processResults(QueryExecutorImpl.java:2401) ~[postgresql-42.6.0.jar:42.6.0]
	at org.postgresql.core.v3.QueryExecutorImpl.execute(QueryExecutorImpl.java:368) ~[postgresql-42.6.0.jar:42.6.0]
	at org.postgresql.jdbc.PgStatement.executeInternal(PgStatement.java:498) ~[postgresql-42.6.0.jar:42.6.0]
	at org.postgresql.jdbc.PgStatement.execute(PgStatement.java:415) ~[postgresql-42.6.0.jar:42.6.0]
	at org.postgresql.jdbc.PgPreparedStatement.executeWithFlags(PgPreparedStatement.java:190) ~[postgresql-42.6.0.jar:42.6.0]
	at org.postgresql.jdbc.PgPreparedStatement.executeQuery(PgPreparedStatement.java:134) ~[postgresql-42.6.0.jar:42.6.0]
	at org.hibernate.engine.jdbc.internal.ResultSetReturnImpl.extract(ResultSetReturnImpl.java:57) ~[hibernate-core-6.2.5.Final.jar:6.2.5.Final]
	... 15 more
11:56.01.199 [main] INFO  com.maxim.hibernate.HibernateRunner - user entity is in transient state, object: User(id=null, username=Poul@gmail.com, personalInfo=PersonalInfo(firstname=Poul, lastname=Lorenso, birthDate=Birthday[birthDate=1994-11-04]), role=null, info=null)gs
11:56.01.313 [main] INFO  org.hibernate.Version - HHH000412: Hibernate ORM core version 6.2.5.Finalgs
11:56.01.317 [main] INFO  org.hibernate.cfg.Environment - HHH000406: Using bytecode reflection optimizergs
11:56.01.890 [main] WARN  org.hibernate.orm.connections.pooling - HHH10001002: Using built-in connection pool (not intended for production use)gs
11:56.01.898 [main] INFO  org.hibernate.orm.connections.pooling - HHH10001005: Loaded JDBC driver class: org.postgresql.Drivergs
11:56.01.898 [main] INFO  org.hibernate.orm.connections.pooling - HHH10001012: Connecting with JDBC URL [jdbc:postgresql://localhost:5433/postgres]gs
11:56.01.899 [main] INFO  org.hibernate.orm.connections.pooling - HHH10001001: Connection properties: {password=****, user=postgres}gs
11:56.01.900 [main] INFO  org.hibernate.orm.connections.pooling - HHH10001003: Autocommit mode: falsegs
11:56.01.903 [main] INFO  org.hibernate.orm.connections.pooling - HHH10001115: Connection pool size: 20 (min=1)gs
11:56.02.240 [main] WARN  org.hibernate.orm.deprecation - HHH90000026: PostgreSQL10Dialect has been deprecated; use org.hibernate.dialect.PostgreSQLDialect insteadgs
11:56.02.868 [main] INFO  org.hibernate.bytecode.internal.BytecodeProviderInitiator - HHH000021: Bytecode provider name : bytebuddygs
11:56.03.861 [main] INFO  org.hibernate.engine.transaction.jta.platform.internal.JtaPlatformInitiator - HHH000490: Using JtaPlatform implementation: [org.hibernate.engine.transaction.jta.platform.internal.NoJtaPlatform]gs
11:56.04.062 [main] WARN  com.maxim.hibernate.HibernateRunner - User is in detached state: User(id=null, username=Poul@gmail.com, personalInfo=PersonalInfo(firstname=Poul, lastname=Lorenso, birthDate=Birthday[birthDate=1994-11-04]), role=null, info=null), session is closed SessionImpl(146174144<closed>)gs
11:56.04.064 [main] INFO  org.hibernate.orm.connections.pooling - HHH10001008: Cleaning up connection pool [jdbc:postgresql://localhost:5433/postgres]gs
11:58.14.768 [main] INFO  com.maxim.hibernate.HibernateRunner - user entity is in transient state, object: User(id=null, username=Misha@gmail.com, personalInfo=PersonalInfo(firstname=Mick, lastname=Popoko, birthDate=Birthday[birthDate=1994-11-04]), role=null, info=null)gs
11:58.14.884 [main] INFO  org.hibernate.Version - HHH000412: Hibernate ORM core version 6.2.5.Finalgs
11:58.14.888 [main] INFO  org.hibernate.cfg.Environment - HHH000406: Using bytecode reflection optimizergs
11:58.15.457 [main] WARN  org.hibernate.orm.connections.pooling - HHH10001002: Using built-in connection pool (not intended for production use)gs
11:58.15.464 [main] INFO  org.hibernate.orm.connections.pooling - HHH10001005: Loaded JDBC driver class: org.postgresql.Drivergs
11:58.15.465 [main] INFO  org.hibernate.orm.connections.pooling - HHH10001012: Connecting with JDBC URL [jdbc:postgresql://localhost:5433/postgres]gs
11:58.15.467 [main] INFO  org.hibernate.orm.connections.pooling - HHH10001001: Connection properties: {password=****, user=postgres}gs
11:58.15.468 [main] INFO  org.hibernate.orm.connections.pooling - HHH10001003: Autocommit mode: falsegs
11:58.15.474 [main] INFO  org.hibernate.orm.connections.pooling - HHH10001115: Connection pool size: 20 (min=1)gs
11:58.15.756 [main] WARN  org.hibernate.orm.deprecation - HHH90000026: PostgreSQL10Dialect has been deprecated; use org.hibernate.dialect.PostgreSQLDialect insteadgs
11:58.16.378 [main] INFO  org.hibernate.bytecode.internal.BytecodeProviderInitiator - HHH000021: Bytecode provider name : bytebuddygs
11:58.17.330 [main] INFO  org.hibernate.engine.transaction.jta.platform.internal.JtaPlatformInitiator - HHH000490: Using JtaPlatform implementation: [org.hibernate.engine.transaction.jta.platform.internal.NoJtaPlatform]gs
