13:20.04.583 [main] INFO  org.hibernate.orm.connections.pooling - HHH10001008: Cleaning up connection pool [jdbc:postgresql://localhost:5433/postgres]gs
13:20.26.660 [main] INFO  org.hibernate.Version - HHH000412: Hibernate ORM core version 6.2.5.Finalgs
13:20.26.666 [main] INFO  org.hibernate.cfg.Environment - HHH000406: Using bytecode reflection optimizergs
13:20.27.201 [main] WARN  org.hibernate.orm.connections.pooling - HHH10001002: Using built-in connection pool (not intended for production use)gs
13:20.27.205 [main] INFO  org.hibernate.orm.connections.pooling - HHH10001005: Loaded JDBC driver class: org.postgresql.Drivergs
13:20.27.206 [main] INFO  org.hibernate.orm.connections.pooling - HHH10001012: Connecting with JDBC URL [jdbc:postgresql://localhost:5433/postgres]gs
13:20.27.212 [main] INFO  org.hibernate.orm.connections.pooling - HHH10001001: Connection properties: {password=****, user=postgres}gs
13:20.27.212 [main] INFO  org.hibernate.orm.connections.pooling - HHH10001003: Autocommit mode: falsegs
13:20.27.216 [main] INFO  org.hibernate.orm.connections.pooling - HHH10001115: Connection pool size: 20 (min=1)gs
13:20.27.438 [main] WARN  org.hibernate.orm.deprecation - HHH90000026: PostgreSQL10Dialect has been deprecated; use org.hibernate.dialect.PostgreSQLDialect insteadgs
13:20.28.012 [main] INFO  org.hibernate.bytecode.internal.BytecodeProviderInitiator - HHH000021: Bytecode provider name : bytebuddygs
13:20.29.096 [main] INFO  org.hibernate.engine.transaction.jta.platform.internal.JtaPlatformInitiator - HHH000490: Using JtaPlatform implementation: [org.hibernate.engine.transaction.jta.platform.internal.NoJtaPlatform]gs
13:20.29.260 [main] INFO  org.hibernate.orm.connections.pooling - HHH10001008: Cleaning up connection pool [jdbc:postgresql://localhost:5433/postgres]gs
13:23.01.441 [main] INFO  org.hibernate.Version - HHH000412: Hibernate ORM core version 6.2.5.Finalgs
13:23.01.447 [main] INFO  org.hibernate.cfg.Environment - HHH000406: Using bytecode reflection optimizergs
13:23.02.003 [main] WARN  org.hibernate.orm.connections.pooling - HHH10001002: Using built-in connection pool (not intended for production use)gs
13:23.02.008 [main] INFO  org.hibernate.orm.connections.pooling - HHH10001005: Loaded JDBC driver class: org.postgresql.Drivergs
13:23.02.008 [main] INFO  org.hibernate.orm.connections.pooling - HHH10001012: Connecting with JDBC URL [jdbc:postgresql://localhost:5433/postgres]gs
13:23.02.008 [main] INFO  org.hibernate.orm.connections.pooling - HHH10001001: Connection properties: {password=****, user=postgres}gs
13:23.02.009 [main] INFO  org.hibernate.orm.connections.pooling - HHH10001003: Autocommit mode: falsegs
13:23.02.012 [main] INFO  org.hibernate.orm.connections.pooling - HHH10001115: Connection pool size: 20 (min=1)gs
13:23.02.260 [main] WARN  org.hibernate.orm.deprecation - HHH90000026: PostgreSQL10Dialect has been deprecated; use org.hibernate.dialect.PostgreSQLDialect insteadgs
13:23.02.909 [main] INFO  org.hibernate.bytecode.internal.BytecodeProviderInitiator - HHH000021: Bytecode provider name : bytebuddygs
13:23.04.013 [main] INFO  org.hibernate.engine.transaction.jta.platform.internal.JtaPlatformInitiator - HHH000490: Using JtaPlatform implementation: [org.hibernate.engine.transaction.jta.platform.internal.NoJtaPlatform]gs
13:24.04.187 [main] INFO  org.hibernate.orm.connections.pooling - HHH10001008: Cleaning up connection pool [jdbc:postgresql://localhost:5433/postgres]gs
13:25.32.065 [main] INFO  org.hibernate.Version - HHH000412: Hibernate ORM core version 6.2.5.Finalgs
13:25.32.072 [main] INFO  org.hibernate.cfg.Environment - HHH000406: Using bytecode reflection optimizergs
13:25.32.591 [main] WARN  org.hibernate.orm.connections.pooling - HHH10001002: Using built-in connection pool (not intended for production use)gs
13:25.32.596 [main] INFO  org.hibernate.orm.connections.pooling - HHH10001005: Loaded JDBC driver class: org.postgresql.Drivergs
13:25.32.596 [main] INFO  org.hibernate.orm.connections.pooling - HHH10001012: Connecting with JDBC URL [jdbc:postgresql://localhost:5433/postgres]gs
13:25.32.597 [main] INFO  org.hibernate.orm.connections.pooling - HHH10001001: Connection properties: {password=****, user=postgres}gs
13:25.32.597 [main] INFO  org.hibernate.orm.connections.pooling - HHH10001003: Autocommit mode: falsegs
13:25.32.602 [main] INFO  org.hibernate.orm.connections.pooling - HHH10001115: Connection pool size: 20 (min=1)gs
13:25.32.842 [main] WARN  org.hibernate.orm.deprecation - HHH90000026: PostgreSQL10Dialect has been deprecated; use org.hibernate.dialect.PostgreSQLDialect insteadgs
13:25.33.448 [main] INFO  org.hibernate.bytecode.internal.BytecodeProviderInitiator - HHH000021: Bytecode provider name : bytebuddygs
13:25.34.476 [main] INFO  org.hibernate.engine.transaction.jta.platform.internal.JtaPlatformInitiator - HHH000490: Using JtaPlatform implementation: [org.hibernate.engine.transaction.jta.platform.internal.NoJtaPlatform]gs
13:25.34.698 [main] INFO  org.hibernate.orm.connections.pooling - HHH10001008: Cleaning up connection pool [jdbc:postgresql://localhost:5433/postgres]gs
13:26.53.469 [main] INFO  org.hibernate.Version - HHH000412: Hibernate ORM core version 6.2.5.Finalgs
13:26.53.477 [main] INFO  org.hibernate.cfg.Environment - HHH000406: Using bytecode reflection optimizergs
13:26.54.023 [main] WARN  org.hibernate.orm.connections.pooling - HHH10001002: Using built-in connection pool (not intended for production use)gs
13:26.54.028 [main] INFO  org.hibernate.orm.connections.pooling - HHH10001005: Loaded JDBC driver class: org.postgresql.Drivergs
13:26.54.028 [main] INFO  org.hibernate.orm.connections.pooling - HHH10001012: Connecting with JDBC URL [jdbc:postgresql://localhost:5433/postgres]gs
13:26.54.029 [main] INFO  org.hibernate.orm.connections.pooling - HHH10001001: Connection properties: {password=****, user=postgres}gs
13:26.54.029 [main] INFO  org.hibernate.orm.connections.pooling - HHH10001003: Autocommit mode: falsegs
13:26.54.034 [main] INFO  org.hibernate.orm.connections.pooling - HHH10001115: Connection pool size: 20 (min=1)gs
13:26.54.258 [main] WARN  org.hibernate.orm.deprecation - HHH90000026: PostgreSQL10Dialect has been deprecated; use org.hibernate.dialect.PostgreSQLDialect insteadgs
13:26.54.827 [main] INFO  org.hibernate.bytecode.internal.BytecodeProviderInitiator - HHH000021: Bytecode provider name : bytebuddygs
13:26.55.792 [main] INFO  org.hibernate.engine.transaction.jta.platform.internal.JtaPlatformInitiator - HHH000490: Using JtaPlatform implementation: [org.hibernate.engine.transaction.jta.platform.internal.NoJtaPlatform]gs
13:26.56.021 [main] INFO  org.hibernate.orm.connections.pooling - HHH10001008: Cleaning up connection pool [jdbc:postgresql://localhost:5433/postgres]gs
13:30.53.428 [main] INFO  org.hibernate.Version - HHH000412: Hibernate ORM core version 6.2.5.Finalgs
13:30.53.434 [main] INFO  org.hibernate.cfg.Environment - HHH000406: Using bytecode reflection optimizergs
13:30.53.946 [main] WARN  org.hibernate.orm.connections.pooling - HHH10001002: Using built-in connection pool (not intended for production use)gs
13:30.53.951 [main] INFO  org.hibernate.orm.connections.pooling - HHH10001005: Loaded JDBC driver class: org.postgresql.Drivergs
13:30.53.952 [main] INFO  org.hibernate.orm.connections.pooling - HHH10001012: Connecting with JDBC URL [jdbc:postgresql://localhost:5433/postgres]gs
13:30.53.952 [main] INFO  org.hibernate.orm.connections.pooling - HHH10001001: Connection properties: {password=****, user=postgres}gs
13:30.53.953 [main] INFO  org.hibernate.orm.connections.pooling - HHH10001003: Autocommit mode: falsegs
13:30.53.957 [main] INFO  org.hibernate.orm.connections.pooling - HHH10001115: Connection pool size: 20 (min=1)gs
13:30.54.209 [main] WARN  org.hibernate.orm.deprecation - HHH90000026: PostgreSQL10Dialect has been deprecated; use org.hibernate.dialect.PostgreSQLDialect insteadgs
13:30.54.802 [main] INFO  org.hibernate.bytecode.internal.BytecodeProviderInitiator - HHH000021: Bytecode provider name : bytebuddygs
13:30.55.850 [main] INFO  org.hibernate.engine.transaction.jta.platform.internal.JtaPlatformInitiator - HHH000490: Using JtaPlatform implementation: [org.hibernate.engine.transaction.jta.platform.internal.NoJtaPlatform]gs
13:30.56.106 [main] INFO  org.hibernate.orm.connections.pooling - HHH10001008: Cleaning up connection pool [jdbc:postgresql://localhost:5433/postgres]gs
